0 info it worked if it ends with ok
1 verbose cli [ '/usr/bin/node', '/usr/bin/npm', 'install', '-g', 'fd' ]
2 info using npm@3.5.2
3 info using node@v8.10.0
4 silly loadCurrentTree Starting
5 silly install loadCurrentTree
6 silly install readGlobalPackageData
7 silly fetchPackageMetaData fd
8 silly fetchNamedPackageData fd
9 silly mapToRegistry name fd
10 silly mapToRegistry using default registry
11 silly mapToRegistry registry https://registry.npmjs.org/
12 silly mapToRegistry uri https://registry.npmjs.org/fd
13 verbose request uri https://registry.npmjs.org/fd
14 verbose request no auth needed
15 info attempt registry request try #1 at 오전 12:25:51
16 verbose request id f3d1207b0091187b
17 http request GET https://registry.npmjs.org/fd
18 http 200 https://registry.npmjs.org/fd
19 verbose headers { date: 'Thu, 20 Feb 2020 15:25:52 GMT',
19 verbose headers   'content-type': 'application/json; charset=UTF-8',
19 verbose headers   'transfer-encoding': 'chunked',
19 verbose headers   connection: 'keep-alive',
19 verbose headers   'set-cookie':
19 verbose headers    [ '__cfduid=d3a07332a012049883753e12372ac639e1582212351; expires=Sat, 21-Mar-20 15:25:51 GMT; path=/; domain=.npmjs.org; HttpOnly; SameSite=Lax' ],
19 verbose headers   'cf-ray': '56817edc6ec3e9c8-ICN',
19 verbose headers   'cache-control': 'public, max-age=300',
19 verbose headers   etag: 'W/"eef3cf3b42228df83ef481bd5fdad8c2"',
19 verbose headers   'last-modified': 'Sun, 27 May 2018 00:28:01 GMT',
19 verbose headers   vary: 'accept-encoding, accept',
19 verbose headers   'cf-cache-status': 'EXPIRED',
19 verbose headers   'expect-ct': 'max-age=604800, report-uri="https://report-uri.cloudflare.com/cdn-cgi/beacon/expect-ct"',
19 verbose headers   server: 'cloudflare',
19 verbose headers   'content-encoding': 'gzip' }
20 silly get cb [ 200,
20 silly get   { date: 'Thu, 20 Feb 2020 15:25:52 GMT',
20 silly get     'content-type': 'application/json; charset=UTF-8',
20 silly get     'transfer-encoding': 'chunked',
20 silly get     connection: 'keep-alive',
20 silly get     'set-cookie':
20 silly get      [ '__cfduid=d3a07332a012049883753e12372ac639e1582212351; expires=Sat, 21-Mar-20 15:25:51 GMT; path=/; domain=.npmjs.org; HttpOnly; SameSite=Lax' ],
20 silly get     'cf-ray': '56817edc6ec3e9c8-ICN',
20 silly get     'cache-control': 'public, max-age=300',
20 silly get     etag: 'W/"eef3cf3b42228df83ef481bd5fdad8c2"',
20 silly get     'last-modified': 'Sun, 27 May 2018 00:28:01 GMT',
20 silly get     vary: 'accept-encoding, accept',
20 silly get     'cf-cache-status': 'EXPIRED',
20 silly get     'expect-ct': 'max-age=604800, report-uri="https://report-uri.cloudflare.com/cdn-cgi/beacon/expect-ct"',
20 silly get     server: 'cloudflare',
20 silly get     'content-encoding': 'gzip' } ]
21 verbose get saving fd to /home/inhwan/.npm/registry.npmjs.org/fd/.cache.json
22 silly install normalizeTree
23 silly loadCurrentTree Finishing
24 silly loadIdealTree Starting
25 silly install loadIdealTree
26 silly cloneCurrentTree Starting
27 silly install cloneCurrentTreeToIdealTree
28 silly cloneCurrentTree Finishing
29 silly loadShrinkwrap Starting
30 silly install loadShrinkwrap
31 silly loadShrinkwrap Finishing
32 silly loadAllDepsIntoIdealTree Starting
33 silly install loadAllDepsIntoIdealTree
34 silly resolveWithNewModule fd@0.0.3 checking installable status
35 silly cache add args [ 'fd', null ]
36 verbose cache add spec fd
37 silly cache add parsed spec Result {
37 silly cache add   raw: 'fd',
37 silly cache add   scope: null,
37 silly cache add   name: 'fd',
37 silly cache add   rawSpec: '',
37 silly cache add   spec: 'latest',
37 silly cache add   type: 'tag' }
38 silly addNamed fd@latest
39 verbose addNamed "latest" is being treated as a dist-tag for fd
40 info addNameTag [ 'fd', 'latest' ]
41 silly mapToRegistry name fd
42 silly mapToRegistry using default registry
43 silly mapToRegistry registry https://registry.npmjs.org/
44 silly mapToRegistry uri https://registry.npmjs.org/fd
45 verbose addNameTag registry:https://registry.npmjs.org/fd not in flight; fetching
46 verbose get https://registry.npmjs.org/fd not expired, no request
47 silly addNameTag next cb for fd with tag latest
48 silly addNamed fd@0.0.3
49 verbose addNamed "0.0.3" is a plain semver version for fd
50 silly mapToRegistry name fd
51 silly mapToRegistry using default registry
52 silly mapToRegistry registry https://registry.npmjs.org/
53 silly mapToRegistry uri https://registry.npmjs.org/fd
54 verbose addRemoteTarball https://registry.npmjs.org/fd/-/fd-0.0.3.tgz not in flight; adding
55 verbose addRemoteTarball [ 'https://registry.npmjs.org/fd/-/fd-0.0.3.tgz',
55 verbose addRemoteTarball   'b3240de86dbf5a345baae7382a07d4713566ff0c' ]
56 info retry fetch attempt 1 at 오전 12:25:52
57 info attempt registry request try #1 at 오전 12:25:52
58 http fetch GET https://registry.npmjs.org/fd/-/fd-0.0.3.tgz
59 http fetch 200 https://registry.npmjs.org/fd/-/fd-0.0.3.tgz
60 silly fetchAndShaCheck shasum b3240de86dbf5a345baae7382a07d4713566ff0c
61 verbose addTmpTarball /tmp/npm-3044-e967a9af/registry.npmjs.org/fd/-/fd-0.0.3.tgz not in flight; adding
62 verbose addTmpTarball already have metadata; skipping unpack for fd@0.0.3
63 silly cache afterAdd fd@0.0.3
64 verbose afterAdd /home/inhwan/.npm/fd/0.0.3/package/package.json not in flight; writing
65 verbose afterAdd /home/inhwan/.npm/fd/0.0.3/package/package.json written
66 silly loadAllDepsIntoIdealTree Finishing
67 silly idealTree:prePrune lib
67 silly idealTree:prePrune └── fd@0.0.3
68 silly loadIdealTree Finishing
69 silly currentTree lib
70 silly idealTree lib
70 silly idealTree └── fd@0.0.3
71 silly generateActionsToTake Starting
72 silly install generateActionsToTake
73 warn checkPermissions Missing write access to /usr/local/lib/node_modules
74 silly rollbackFailedOptional Starting
75 silly rollbackFailedOptional Finishing
76 silly runTopLevelLifecycles Starting
77 silly runTopLevelLifecycles Finishing
78 silly install printInstalled
79 verbose stack Error: EACCES: permission denied, access '/usr/local/lib/node_modules'
80 verbose cwd /home/inhwan/G_drive/Programming/Missing_Semester_2020/Lecture_2
81 error Linux 5.3.0-28-generic
82 error argv "/usr/bin/node" "/usr/bin/npm" "install" "-g" "fd"
83 error node v8.10.0
84 error npm  v3.5.2
85 error path /usr/local/lib/node_modules
86 error code EACCES
87 error errno -13
88 error syscall access
89 error Error: EACCES: permission denied, access '/usr/local/lib/node_modules'
89 error  { Error: EACCES: permission denied, access '/usr/local/lib/node_modules'
89 error   errno: -13,
89 error   code: 'EACCES',
89 error   syscall: 'access',
89 error   path: '/usr/local/lib/node_modules' }
90 error Please try running this command again as root/Administrator.
91 verbose exit [ -13, true ]
